<?xml version="1.0" encoding="UTF-8"?>
<!-- Generated by org.testng.reporters.JUnitXMLReporter -->
<testsuite ignored="0" hostname="DESKTOP-8NKCI08" failures="0" tests="8" name="Default test" time="70.365" errors="0" timestamp="2022-12-28T16:54:24 IST">
  <testcase classname="com.sgtesting.pocAssignments.Assignment2CreateAndModifyUSer" name="launchBrowser" time="7.809"/>
  <testcase classname="com.sgtesting.pocAssignments.Assignment2CreateAndModifyUSer" name="navigate" time="5.122"/>
  <testcase classname="com.sgtesting.pocAssignments.Assignment2CreateAndModifyUSer" name="login" time="10.378"/>
  <testcase classname="com.sgtesting.pocAssignments.Assignment2CreateAndModifyUSer" name="Createuser" time="21.328"/>
  <testcase classname="com.sgtesting.pocAssignments.Assignment2CreateAndModifyUSer" name="modifyUser" time="14.786"/>
  <testcase classname="com.sgtesting.pocAssignments.Assignment2CreateAndModifyUSer" name="deleteuser1" time="9.763"/>
  <testcase classname="com.sgtesting.pocAssignments.Assignment2CreateAndModifyUSer" name="logout" time="0.433"/>
  <testcase classname="com.sgtesting.pocAssignments.Assignment2CreateAndModifyUSer" name="close" time="0.587"/>
</testsuite> <!-- Default test -->
