<?xml version="1.0" encoding="UTF-8"?>
<!-- Generated by org.testng.reporters.JUnitXMLReporter -->
<testsuite ignored="0" hostname="DESKTOP-8NKCI08" failures="0" tests="20" name="test case" time="159.601" errors="0" timestamp="2022-12-28T17:45:31 IST">
  <testcase classname="com.sgtesting.pocAssignments.Assignment2CreateAndModifyUSer" name="launchBrowser" time="5.633"/>
  <testcase classname="com.sgtesting.pocAssignments.Assignment2CreateAndModifyUSer" name="navigate" time="4.371"/>
  <testcase classname="com.sgtesting.pocAssignments.Assignment2CreateAndModifyUSer" name="login" time="9.648"/>
  <testcase classname="com.sgtesting.pocAssignments.Assignment2CreateAndModifyUSer" name="Createuser" time="42.05"/>
  <testcase classname="com.sgtesting.pocAssignments.Assignment2CreateAndModifyUSer" name="modifyUser" time="14.623"/>
  <testcase classname="com.sgtesting.pocAssignments.Assignment2CreateAndModifyUSer" name="deleteuser1" time="9.494"/>
  <testcase classname="com.sgtesting.pocAssignments.Assignment2CreateAndModifyUSer" name="logout" time="0.733"/>
  <testcase classname="com.sgtesting.pocAssignments.Assignment2CreateAndModifyUSer" name="close" time="0.548"/>
  <testcase classname="com.sgtesting.pocAssignments.Assignment1LoginLogout" name="launchBrowser" time="2.515"/>
  <testcase classname="com.sgtesting.pocAssignments.Assignment1LoginLogout" name="navigate" time="4.314"/>
  <testcase classname="com.sgtesting.pocAssignments.Assignment1LoginLogout" name="login" time="9.541"/>
  <testcase classname="com.sgtesting.pocAssignments.Assignment1LoginLogout" name="logout" time="3.889"/>
  <testcase classname="com.sgtesting.pocAssignments.Assignment1LoginLogout" name="close" time="0.602"/>
  <testcase classname="com.sgtesting.pocAssignments.Assignment4CreateAndDeleteCustomer" name="launchBrowser" time="2.746"/>
  <testcase classname="com.sgtesting.pocAssignments.Assignment4CreateAndDeleteCustomer" name="navigate" time="5.38"/>
  <testcase classname="com.sgtesting.pocAssignments.Assignment4CreateAndDeleteCustomer" name="login" time="9.691"/>
  <testcase classname="com.sgtesting.pocAssignments.Assignment4CreateAndDeleteCustomer" name="createcustomer" time="13.763"/>
  <testcase classname="com.sgtesting.pocAssignments.Assignment4CreateAndDeleteCustomer" name="deleteCustomer" time="15.592"/>
  <testcase classname="com.sgtesting.pocAssignments.Assignment4CreateAndDeleteCustomer" name="logout" time="3.867"/>
  <testcase classname="com.sgtesting.pocAssignments.Assignment4CreateAndDeleteCustomer" name="close" time="0.437"/>
</testsuite> <!-- test case -->
