<?xml version="1.0" encoding="UTF-8"?>
<testng-results ignored="0" total="20" passed="20" failed="0" skipped="0">
  <reporter-output>
  </reporter-output>
  <suite started-at="2022-12-28T17:42:51 IST" name="automation" finished-at="2022-12-28T17:45:31 IST" duration-ms="159601">
    <groups>
    </groups>
    <test started-at="2022-12-28T17:42:51 IST" name="test case" finished-at="2022-12-28T17:45:31 IST" duration-ms="159601">
      <class name="com.sgtesting.pocAssignments.Assignment1LoginLogout">
        <test-method signature="launchBrowser()[pri:1, instance:com.sgtesting.pocAssignments.Assignment1LoginLogout@22ef9844]" started-at="2022-12-28T17:44:18 IST" name="launchBrowser" finished-at="2022-12-28T17:44:21 IST" duration-ms="2515" status="PASS">
          <reporter-output>
          </reporter-output>
        </test-method> <!-- launchBrowser -->
        <test-method signature="navigate()[pri:2, instance:com.sgtesting.pocAssignments.Assignment1LoginLogout@22ef9844]" started-at="2022-12-28T17:44:21 IST" name="navigate" finished-at="2022-12-28T17:44:25 IST" duration-ms="4314" status="PASS">
          <reporter-output>
          </reporter-output>
        </test-method> <!-- navigate -->
        <test-method signature="login()[pri:3, instance:com.sgtesting.pocAssignments.Assignment1LoginLogout@22ef9844]" started-at="2022-12-28T17:44:25 IST" name="login" finished-at="2022-12-28T17:44:35 IST" duration-ms="9541" status="PASS">
          <reporter-output>
          </reporter-output>
        </test-method> <!-- login -->
        <test-method signature="logout()[pri:4, instance:com.sgtesting.pocAssignments.Assignment1LoginLogout@22ef9844]" started-at="2022-12-28T17:44:35 IST" name="logout" finished-at="2022-12-28T17:44:39 IST" duration-ms="3889" status="PASS">
          <reporter-output>
          </reporter-output>
        </test-method> <!-- logout -->
        <test-method signature="close()[pri:5, instance:com.sgtesting.pocAssignments.Assignment1LoginLogout@22ef9844]" started-at="2022-12-28T17:44:39 IST" name="close" finished-at="2022-12-28T17:44:39 IST" duration-ms="602" status="PASS">
          <reporter-output>
          </reporter-output>
        </test-method> <!-- close -->
      </class> <!-- com.sgtesting.pocAssignments.Assignment1LoginLogout -->
      <class name="com.sgtesting.pocAssignments.Assignment2CreateAndModifyUSer">
        <test-method signature="launchBrowser()[pri:1, instance:com.sgtesting.pocAssignments.Assignment2CreateAndModifyUSer@2a54a73f]" started-at="2022-12-28T17:42:51 IST" name="launchBrowser" finished-at="2022-12-28T17:42:57 IST" duration-ms="5633" status="PASS">
          <reporter-output>
          </reporter-output>
        </test-method> <!-- launchBrowser -->
        <test-method signature="navigate()[pri:2, instance:com.sgtesting.pocAssignments.Assignment2CreateAndModifyUSer@2a54a73f]" started-at="2022-12-28T17:42:57 IST" name="navigate" finished-at="2022-12-28T17:43:01 IST" duration-ms="4371" status="PASS">
          <reporter-output>
          </reporter-output>
        </test-method> <!-- navigate -->
        <test-method signature="login()[pri:3, instance:com.sgtesting.pocAssignments.Assignment2CreateAndModifyUSer@2a54a73f]" started-at="2022-12-28T17:43:01 IST" name="login" finished-at="2022-12-28T17:43:11 IST" duration-ms="9648" status="PASS">
          <reporter-output>
          </reporter-output>
        </test-method> <!-- login -->
        <test-method signature="Createuser(java.lang.String,java.lang.String,java.lang.String,java.lang.String,java.lang.String,java.lang.String)[pri:4, instance:com.sgtesting.pocAssignments.Assignment2CreateAndModifyUSer@2a54a73f]" started-at="2022-12-28T17:43:11 IST" name="Createuser" data-provider="createuser" finished-at="2022-12-28T17:43:53 IST" duration-ms="42050" status="PASS">
          <params>
            <param index="0">
              <value>
                <![CDATA[demo1]]>
              </value>
            </param>
            <param index="1">
              <value>
                <![CDATA[user1]]>
              </value>
            </param>
            <param index="2">
              <value>
                <![CDATA[User@gmail.com]]>
              </value>
            </param>
            <param index="3">
              <value>
                <![CDATA[userdemo1]]>
              </value>
            </param>
            <param index="4">
              <value>
                <![CDATA[Welcome1]]>
              </value>
            </param>
            <param index="5">
              <value>
                <![CDATA[Welcome1]]>
              </value>
            </param>
          </params>
          <reporter-output>
          </reporter-output>
        </test-method> <!-- Createuser -->
        <test-method signature="modifyUser()[pri:5, instance:com.sgtesting.pocAssignments.Assignment2CreateAndModifyUSer@2a54a73f]" started-at="2022-12-28T17:43:53 IST" name="modifyUser" finished-at="2022-12-28T17:44:07 IST" duration-ms="14623" status="PASS">
          <reporter-output>
          </reporter-output>
        </test-method> <!-- modifyUser -->
        <test-method signature="deleteuser1()[pri:6, instance:com.sgtesting.pocAssignments.Assignment2CreateAndModifyUSer@2a54a73f]" started-at="2022-12-28T17:44:07 IST" name="deleteuser1" finished-at="2022-12-28T17:44:17 IST" duration-ms="9494" status="PASS">
          <reporter-output>
          </reporter-output>
        </test-method> <!-- deleteuser1 -->
        <test-method signature="logout()[pri:7, instance:com.sgtesting.pocAssignments.Assignment2CreateAndModifyUSer@2a54a73f]" started-at="2022-12-28T17:44:17 IST" name="logout" finished-at="2022-12-28T17:44:18 IST" duration-ms="733" status="PASS">
          <reporter-output>
          </reporter-output>
        </test-method> <!-- logout -->
        <test-method signature="close()[pri:8, instance:com.sgtesting.pocAssignments.Assignment2CreateAndModifyUSer@2a54a73f]" started-at="2022-12-28T17:44:18 IST" name="close" finished-at="2022-12-28T17:44:18 IST" duration-ms="548" status="PASS">
          <reporter-output>
          </reporter-output>
        </test-method> <!-- close -->
      </class> <!-- com.sgtesting.pocAssignments.Assignment2CreateAndModifyUSer -->
      <class name="com.sgtesting.pocAssignments.Assignment4CreateAndDeleteCustomer">
        <test-method signature="launchBrowser()[pri:1, instance:com.sgtesting.pocAssignments.Assignment4CreateAndDeleteCustomer@6283d8b8]" started-at="2022-12-28T17:44:39 IST" name="launchBrowser" finished-at="2022-12-28T17:44:42 IST" duration-ms="2746" status="PASS">
          <reporter-output>
          </reporter-output>
        </test-method> <!-- launchBrowser -->
        <test-method signature="navigate()[pri:2, instance:com.sgtesting.pocAssignments.Assignment4CreateAndDeleteCustomer@6283d8b8]" started-at="2022-12-28T17:44:42 IST" name="navigate" finished-at="2022-12-28T17:44:47 IST" duration-ms="5380" status="PASS">
          <reporter-output>
          </reporter-output>
        </test-method> <!-- navigate -->
        <test-method signature="login()[pri:3, instance:com.sgtesting.pocAssignments.Assignment4CreateAndDeleteCustomer@6283d8b8]" started-at="2022-12-28T17:44:47 IST" name="login" finished-at="2022-12-28T17:44:57 IST" duration-ms="9691" status="PASS">
          <reporter-output>
          </reporter-output>
        </test-method> <!-- login -->
        <test-method signature="createcustomer(java.lang.String)[pri:4, instance:com.sgtesting.pocAssignments.Assignment4CreateAndDeleteCustomer@6283d8b8]" started-at="2022-12-28T17:44:57 IST" name="createcustomer" data-provider="createcustomer" finished-at="2022-12-28T17:45:11 IST" duration-ms="13763" status="PASS">
          <params>
            <param index="0">
              <value>
                <![CDATA[democustomer]]>
              </value>
            </param>
          </params>
          <reporter-output>
          </reporter-output>
        </test-method> <!-- createcustomer -->
        <test-method signature="deleteCustomer()[pri:5, instance:com.sgtesting.pocAssignments.Assignment4CreateAndDeleteCustomer@6283d8b8]" started-at="2022-12-28T17:45:11 IST" name="deleteCustomer" finished-at="2022-12-28T17:45:26 IST" duration-ms="15592" status="PASS">
          <reporter-output>
          </reporter-output>
        </test-method> <!-- deleteCustomer -->
        <test-method signature="logout()[pri:6, instance:com.sgtesting.pocAssignments.Assignment4CreateAndDeleteCustomer@6283d8b8]" started-at="2022-12-28T17:45:26 IST" name="logout" finished-at="2022-12-28T17:45:30 IST" duration-ms="3867" status="PASS">
          <reporter-output>
          </reporter-output>
        </test-method> <!-- logout -->
        <test-method signature="close()[pri:7, instance:com.sgtesting.pocAssignments.Assignment4CreateAndDeleteCustomer@6283d8b8]" started-at="2022-12-28T17:45:30 IST" name="close" finished-at="2022-12-28T17:45:31 IST" duration-ms="437" status="PASS">
          <reporter-output>
          </reporter-output>
        </test-method> <!-- close -->
      </class> <!-- com.sgtesting.pocAssignments.Assignment4CreateAndDeleteCustomer -->
    </test> <!-- test case -->
  </suite> <!-- automation -->
</testng-results>
